C:\Users\vovan\.jdks\corretto-1.8.0_302\bin\java.exe "-javaagent:D:\Programs\IntelliJ IDEA 2021.1.3\lib\idea_rt.jar=51179:D:\Programs\IntelliJ IDEA 2021.1.3\bin" -Dfile.encoding=UTF-8 -classpath "C:\Users\vovan\.jdks\corretto-1.8.0_302\jre\lib\charsets.jar;C:\Users\vovan\.jdks\corretto-1.8.0_302\jre\lib\ext\access-bridge-64.jar;C:\Users\vovan\.jdks\corretto-1.8.0_302\jre\lib\ext\cldrdata.jar;C:\Users\vovan\.jdks\corretto-1.8.0_302\jre\lib\ext\dnsns.jar;C:\Users\vovan\.jdks\corretto-1.8.0_302\jre\lib\ext\jaccess.jar;C:\Users\vovan\.jdks\corretto-1.8.0_302\jre\lib\ext\jfxrt.jar;C:\Users\vovan\.jdks\corretto-1.8.0_302\jre\lib\ext\localedata.jar;C:\Users\vovan\.jdks\corretto-1.8.0_302\jre\lib\ext\nashorn.jar;C:\Users\vovan\.jdks\corretto-1.8.0_302\jre\lib\ext\sunec.jar;C:\Users\vovan\.jdks\corretto-1.8.0_302\jre\lib\ext\sunjce_provider.jar;C:\Users\vovan\.jdks\corretto-1.8.0_302\jre\lib\ext\sunmscapi.jar;C:\Users\vovan\.jdks\corretto-1.8.0_302\jre\lib\ext\sunpkcs11.jar;C:\Users\vovan\.jdks\corretto-1.8.0_302\jre\lib\ext\zipfs.jar;C:\Users\vovan\.jdks\corretto-1.8.0_302\jre\lib\jce.jar;C:\Users\vovan\.jdks\corretto-1.8.0_302\jre\lib\jfr.jar;C:\Users\vovan\.jdks\corretto-1.8.0_302\jre\lib\jfxswt.jar;C:\Users\vovan\.jdks\corretto-1.8.0_302\jre\lib\jsse.jar;C:\Users\vovan\.jdks\corretto-1.8.0_302\jre\lib\management-agent.jar;C:\Users\vovan\.jdks\corretto-1.8.0_302\jre\lib\resources.jar;C:\Users\vovan\.jdks\corretto-1.8.0_302\jre\lib\rt.jar;D:\Documents\Studying\Разрабртка ПО\Hibernate OneToMany\target\classes;C:\Users\vovan\.m2\repository\org\postgresql\postgresql\42.3.4\postgresql-42.3.4.jar;C:\Users\vovan\.m2\repository\org\checkerframework\checker-qual\3.5.0\checker-qual-3.5.0.jar;C:\Users\vovan\.m2\repository\org\hibernate\hibernate-core\5.3.2.Final\hibernate-core-5.3.2.Final.jar;C:\Users\vovan\.m2\repository\org\jboss\logging\jboss-logging\3.3.2.Final\jboss-logging-3.3.2.Final.jar;C:\Users\vovan\.m2\repository\javax\persistence\javax.persistence-api\2.2\javax.persistence-api-2.2.jar;C:\Users\vovan\.m2\repository\org\javassist\javassist\3.22.0-GA\javassist-3.22.0-GA.jar;C:\Users\vovan\.m2\repository\net\bytebuddy\byte-buddy\1.8.12\byte-buddy-1.8.12.jar;C:\Users\vovan\.m2\repository\antlr\antlr\2.7.7\antlr-2.7.7.jar;C:\Users\vovan\.m2\repository\org\jboss\spec\javax\transaction\jboss-transaction-api_1.2_spec\1.1.1.Final\jboss-transaction-api_1.2_spec-1.1.1.Final.jar;C:\Users\vovan\.m2\repository\org\jboss\jandex\2.0.5.Final\jandex-2.0.5.Final.jar;C:\Users\vovan\.m2\repository\com\fasterxml\classmate\1.3.4\classmate-1.3.4.jar;C:\Users\vovan\.m2\repository\javax\activation\javax.activation-api\1.2.0\javax.activation-api-1.2.0.jar;C:\Users\vovan\.m2\repository\dom4j\dom4j\1.6.1\dom4j-1.6.1.jar;C:\Users\vovan\.m2\repository\org\hibernate\common\hibernate-commons-annotations\5.0.4.Final\hibernate-commons-annotations-5.0.4.Final.jar;C:\Users\vovan\.m2\repository\org\hibernate\hibernate-jpamodelgen\5.3.2.Final\hibernate-jpamodelgen-5.3.2.Final.jar;C:\Users\vovan\.m2\repository\org\hibernate\hibernate-entitymanager\5.3.2.Final\hibernate-entitymanager-5.3.2.Final.jar;C:\Users\vovan\.m2\repository\org\hibernate\hibernate-osgi\5.3.2.Final\hibernate-osgi-5.3.2.Final.jar;C:\Users\vovan\.m2\repository\javax\interceptor\javax.interceptor-api\1.2\javax.interceptor-api-1.2.jar;C:\Users\vovan\.m2\repository\org\osgi\org.osgi.core\4.3.1\org.osgi.core-4.3.1.jar;C:\Users\vovan\.m2\repository\org\osgi\org.osgi.compendium\4.3.1\org.osgi.compendium-4.3.1.jar;C:\Users\vovan\.m2\repository\org\hibernate\hibernate-envers\5.3.2.Final\hibernate-envers-5.3.2.Final.jar;C:\Users\vovan\.m2\repository\org\hibernate\hibernate-c3p0\5.3.2.Final\hibernate-c3p0-5.3.2.Final.jar;C:\Users\vovan\.m2\repository\com\mchange\c3p0\0.9.5.2\c3p0-0.9.5.2.jar;C:\Users\vovan\.m2\repository\com\mchange\mchange-commons-java\0.2.11\mchange-commons-java-0.2.11.jar;C:\Users\vovan\.m2\repository\org\hibernate\hibernate-proxool\5.3.2.Final\hibernate-proxool-5.3.2.Final.jar;C:\Users\vovan\.m2\repository\proxool\proxool\0.8.3\proxool-0.8.3.jar;C:\Users\vovan\.m2\repository\org\infinispan\infinispan-hibernate-cache\9.1.3.Final\infinispan-hibernate-cache-9.1.3.Final.jar;C:\Users\vovan\.m2\repository\org\infinispan\infinispan-core\9.1.3.Final\infinispan-core-9.1.3.Final.jar;C:\Users\vovan\.m2\repository\org\infinispan\infinispan-commons\9.1.3.Final\infinispan-commons-9.1.3.Final.jar;C:\Users\vovan\.m2\repository\org\jgroups\jgroups\4.0.7.Final\jgroups-4.0.7.Final.jar;C:\Users\vovan\.m2\repository\com\github\ben-manes\caffeine\caffeine\2.4.0\caffeine-2.4.0.jar;C:\Users\vovan\.m2\repository\org\jboss\spec\javax\transaction\jboss-transaction-api_1.1_spec\1.0.1.Final\jboss-transaction-api_1.1_spec-1.0.1.Final.jar;C:\Users\vovan\.m2\repository\org\jboss\marshalling\jboss-marshalling-osgi\2.0.0.Beta3\jboss-marshalling-osgi-2.0.0.Beta3.jar;C:\Users\vovan\.m2\repository\org\hibernate\hibernate-ehcache\5.3.2.Final\hibernate-ehcache-5.3.2.Final.jar;C:\Users\vovan\.m2\repository\net\sf\ehcache\ehcache\2.10.3\ehcache-2.10.3.jar;C:\Users\vovan\.m2\repository\org\slf4j\slf4j-api\1.7.7\slf4j-api-1.7.7.jar" ru.javastudy.hibernate.main.AppMain
мая 29, 2022 11:06:31 AM org.hibernate.Version logVersion
INFO: HHH000412: Hibernate Core {5.3.2.Final}
мая 29, 2022 11:06:31 AM org.hibernate.cfg.Environment <clinit>
INFO: HHH000206: hibernate.properties not found
мая 29, 2022 11:06:31 AM org.hibernate.annotations.common.reflection.java.JavaReflectionManager <clinit>
INFO: HCANN000001: Hibernate Commons Annotations {5.0.4.Final}
мая 29, 2022 11:06:32 AM org.hibernate.engine.jdbc.connections.internal.DriverManagerConnectionProviderImpl configure
WARN: HHH10001002: Using Hibernate built-in connection pool (not for production use!)
мая 29, 2022 11:06:32 AM org.hibernate.engine.jdbc.connections.internal.DriverManagerConnectionProviderImpl buildCreator
INFO: HHH10001005: using driver [org.postgresql.Driver] at URL [jdbc:postgresql://localhost:5432/lessonhiber]
мая 29, 2022 11:06:32 AM org.hibernate.engine.jdbc.connections.internal.DriverManagerConnectionProviderImpl buildCreator
INFO: HHH10001001: Connection properties: {user=lessonhiber, password=****}
мая 29, 2022 11:06:32 AM org.hibernate.engine.jdbc.connections.internal.DriverManagerConnectionProviderImpl buildCreator
INFO: HHH10001003: Autocommit mode: false
мая 29, 2022 11:06:32 AM org.hibernate.engine.jdbc.connections.internal.DriverManagerConnectionProviderImpl$PooledConnections <init>
INFO: HHH000115: Hibernate connection pool size: 20 (min=1)
мая 29, 2022 11:06:32 AM org.hibernate.dialect.Dialect <init>
INFO: HHH000400: Using dialect: org.hibernate.dialect.PostgreSQL82Dialect
мая 29, 2022 11:06:32 AM org.hibernate.engine.jdbc.env.internal.LobCreatorBuilderImpl useContextualLobCreation
INFO: HHH000424: Disabling contextual LOB creation as createClob() method threw error : java.lang.reflect.InvocationTargetException
мая 29, 2022 11:06:32 AM org.hibernate.type.BasicTypeRegistry register
INFO: HHH000270: Type registration [java.util.UUID] overrides previous : org.hibernate.type.UUIDBinaryType@2a7f1f10
мая 29, 2022 11:06:32 AM org.hibernate.envers.boot.internal.EnversServiceImpl configure
INFO: Envers integration enabled? : true
мая 29, 2022 11:06:33 AM org.hibernate.resource.transaction.backend.jdbc.internal.DdlTransactionIsolatorNonJtaImpl getIsolatedConnection
INFO: HHH10001501: Connection obtained from JdbcConnectionAccess [org.hibernate.engine.jdbc.env.internal.JdbcEnvironmentInitiator$ConnectionProviderJdbcConnectionAccess@219f4597] for (non-JTA) DDL execution was not in auto-commit mode; the Connection 'local transaction' will be committed and the Connection will be set into auto-commit mode.
мая 29, 2022 11:06:33 AM org.hibernate.tool.schema.internal.ExceptionHandlerLoggedImpl handleException
WARN: GenerationTarget encountered exception accepting command : Error executing DDL "alter table student drop constraint FKnwsufvlvlnsxqv60ltj06bbfx" via JDBC Statement
org.hibernate.tool.schema.spi.CommandAcceptanceException: Error executing DDL "alter table student drop constraint FKnwsufvlvlnsxqv60ltj06bbfx" via JDBC Statement
	at org.hibernate.tool.schema.internal.exec.GenerationTargetToDatabase.accept(GenerationTargetToDatabase.java:67)
	at org.hibernate.tool.schema.internal.SchemaDropperImpl.applySqlString(SchemaDropperImpl.java:375)
	at org.hibernate.tool.schema.internal.SchemaDropperImpl.applySqlStrings(SchemaDropperImpl.java:359)
	at org.hibernate.tool.schema.internal.SchemaDropperImpl.applyConstraintDropping(SchemaDropperImpl.java:331)
	at org.hibernate.tool.schema.internal.SchemaDropperImpl.dropFromMetadata(SchemaDropperImpl.java:230)
	at org.hibernate.tool.schema.internal.SchemaDropperImpl.performDrop(SchemaDropperImpl.java:154)
	at org.hibernate.tool.schema.internal.SchemaDropperImpl.doDrop(SchemaDropperImpl.java:126)
	at org.hibernate.tool.schema.internal.SchemaDropperImpl.doDrop(SchemaDropperImpl.java:112)
	at org.hibernate.tool.schema.spi.SchemaManagementToolCoordinator.performDatabaseAction(SchemaManagementToolCoordinator.java:144)
	at org.hibernate.tool.schema.spi.SchemaManagementToolCoordinator.process(SchemaManagementToolCoordinator.java:72)
	at org.hibernate.internal.SessionFactoryImpl.<init>(SessionFactoryImpl.java:310)
	at org.hibernate.boot.internal.SessionFactoryBuilderImpl.build(SessionFactoryBuilderImpl.java:467)
	at org.hibernate.boot.internal.MetadataImpl.buildSessionFactory(MetadataImpl.java:188)
	at ru.javastudy.hibernate.utils.HibernateSessionFactory.buildSessionFactory(HibernateSessionFactory.java:57)
	at ru.javastudy.hibernate.utils.HibernateSessionFactory.<clinit>(HibernateSessionFactory.java:17)
	at ru.javastudy.hibernate.main.GeneratingService.generateAndPersistEntities(GeneratingService.java:17)
	at ru.javastudy.hibernate.main.AppMain.main(AppMain.java:7)
Caused by: org.postgresql.util.PSQLException: ERROR: relation "student" does not exist
	at org.postgresql.core.v3.QueryExecutorImpl.receiveErrorResponse(QueryExecutorImpl.java:2675)
	at org.postgresql.core.v3.QueryExecutorImpl.processResults(QueryExecutorImpl.java:2365)
	at org.postgresql.core.v3.QueryExecutorImpl.execute(QueryExecutorImpl.java:355)
	at org.postgresql.jdbc.PgStatement.executeInternal(PgStatement.java:490)
	at org.postgresql.jdbc.PgStatement.execute(PgStatement.java:408)
	at org.postgresql.jdbc.PgStatement.executeWithFlags(PgStatement.java:329)
	at org.postgresql.jdbc.PgStatement.executeCachedSql(PgStatement.java:315)
	at org.postgresql.jdbc.PgStatement.executeWithFlags(PgStatement.java:291)
	at org.postgresql.jdbc.PgStatement.execute(PgStatement.java:286)
	at org.hibernate.tool.schema.internal.exec.GenerationTargetToDatabase.accept(GenerationTargetToDatabase.java:54)
	... 16 more

мая 29, 2022 11:06:33 AM org.hibernate.tool.schema.internal.ExceptionHandlerLoggedImpl handleException
WARN: GenerationTarget encountered exception accepting command : Error executing DDL "alter table student drop constraint FKi6i8o3or92g96myh1vbo3exeu" via JDBC Statement
org.hibernate.tool.schema.spi.CommandAcceptanceException: Error executing DDL "alter table student drop constraint FKi6i8o3or92g96myh1vbo3exeu" via JDBC Statement
	at org.hibernate.tool.schema.internal.exec.GenerationTargetToDatabase.accept(GenerationTargetToDatabase.java:67)
	at org.hibernate.tool.schema.internal.SchemaDropperImpl.applySqlString(SchemaDropperImpl.java:375)
	at org.hibernate.tool.schema.internal.SchemaDropperImpl.applySqlStrings(SchemaDropperImpl.java:359)
	at org.hibernate.tool.schema.internal.SchemaDropperImpl.applyConstraintDropping(SchemaDropperImpl.java:331)
	at org.hibernate.tool.schema.internal.SchemaDropperImpl.dropFromMetadata(SchemaDropperImpl.java:230)
	at org.hibernate.tool.schema.internal.SchemaDropperImpl.performDrop(SchemaDropperImpl.java:154)
	at org.hibernate.tool.schema.internal.SchemaDropperImpl.doDrop(SchemaDropperImpl.java:126)
	at org.hibernate.tool.schema.internal.SchemaDropperImpl.doDrop(SchemaDropperImpl.java:112)
	at org.hibernate.tool.schema.spi.SchemaManagementToolCoordinator.performDatabaseAction(SchemaManagementToolCoordinator.java:144)
	at org.hibernate.tool.schema.spi.SchemaManagementToolCoordinator.process(SchemaManagementToolCoordinator.java:72)
	at org.hibernate.internal.SessionFactoryImpl.<init>(SessionFactoryImpl.java:310)
	at org.hibernate.boot.internal.SessionFactoryBuilderImpl.build(SessionFactoryBuilderImpl.java:467)
	at org.hibernate.boot.internal.MetadataImpl.buildSessionFactory(MetadataImpl.java:188)
	at ru.javastudy.hibernate.utils.HibernateSessionFactory.buildSessionFactory(HibernateSessionFactory.java:57)
	at ru.javastudy.hibernate.utils.HibernateSessionFactory.<clinit>(HibernateSessionFactory.java:17)
	at ru.javastudy.hibernate.main.GeneratingService.generateAndPersistEntities(GeneratingService.java:17)
	at ru.javastudy.hibernate.main.AppMain.main(AppMain.java:7)
Caused by: org.postgresql.util.PSQLException: ERROR: relation "student" does not exist
	at org.postgresql.core.v3.QueryExecutorImpl.receiveErrorResponse(QueryExecutorImpl.java:2675)
	at org.postgresql.core.v3.QueryExecutorImpl.processResults(QueryExecutorImpl.java:2365)
	at org.postgresql.core.v3.QueryExecutorImpl.execute(QueryExecutorImpl.java:355)
	at org.postgresql.jdbc.PgStatement.executeInternal(PgStatement.java:490)
	at org.postgresql.jdbc.PgStatement.execute(PgStatement.java:408)
	at org.postgresql.jdbc.PgStatement.executeWithFlags(PgStatement.java:329)
	at org.postgresql.jdbc.PgStatement.executeCachedSql(PgStatement.java:315)
	at org.postgresql.jdbc.PgStatement.executeWithFlags(PgStatement.java:291)
	at org.postgresql.jdbc.PgStatement.execute(PgStatement.java:286)
	at org.hibernate.tool.schema.internal.exec.GenerationTargetToDatabase.accept(GenerationTargetToDatabase.java:54)
	... 16 more

мая 29, 2022 11:06:33 AM org.hibernate.engine.jdbc.spi.SqlExceptionHelper$StandardWarningHandler logWarning
WARN: SQL Warning Code: 0, SQLState: 00000
мая 29, 2022 11:06:33 AM org.hibernate.engine.jdbc.spi.SqlExceptionHelper$StandardWarningHandler logWarning
WARN: table "person" does not exist, skipping
мая 29, 2022 11:06:33 AM org.hibernate.engine.jdbc.spi.SqlExceptionHelper$StandardWarningHandler logWarning
WARN: SQL Warning Code: 0, SQLState: 00000
мая 29, 2022 11:06:33 AM org.hibernate.engine.jdbc.spi.SqlExceptionHelper$StandardWarningHandler logWarning
WARN: table "record_book" does not exist, skipping
мая 29, 2022 11:06:33 AM org.hibernate.engine.jdbc.spi.SqlExceptionHelper$StandardWarningHandler logWarning
WARN: SQL Warning Code: 0, SQLState: 00000
мая 29, 2022 11:06:33 AM org.hibernate.engine.jdbc.spi.SqlExceptionHelper$StandardWarningHandler logWarning
WARN: table "student" does not exist, skipping
мая 29, 2022 11:06:33 AM org.hibernate.engine.jdbc.spi.SqlExceptionHelper$StandardWarningHandler logWarning
WARN: SQL Warning Code: 0, SQLState: 00000
мая 29, 2022 11:06:33 AM org.hibernate.engine.jdbc.spi.SqlExceptionHelper$StandardWarningHandler logWarning
WARN: sequence "hibernate_sequence" does not exist, skipping
мая 29, 2022 11:06:33 AM org.hibernate.resource.transaction.backend.jdbc.internal.DdlTransactionIsolatorNonJtaImpl getIsolatedConnection
INFO: HHH10001501: Connection obtained from JdbcConnectionAccess [org.hibernate.engine.jdbc.env.internal.JdbcEnvironmentInitiator$ConnectionProviderJdbcConnectionAccess@771158fb] for (non-JTA) DDL execution was not in auto-commit mode; the Connection 'local transaction' will be committed and the Connection will be set into auto-commit mode.
мая 29, 2022 11:06:33 AM org.hibernate.tool.schema.internal.SchemaCreatorImpl applyImportSources
INFO: HHH000476: Executing import script 'org.hibernate.tool.schema.internal.exec.ScriptSourceInputNonExistentImpl@150d80c4'
All students:
мая 29, 2022 11:06:33 AM org.hibernate.hql.internal.QueryTranslatorFactoryInitiator initiateService
INFO: HHH000397: Using ASTQueryTranslatorFactory
Student{id=12, recordBook=RecordBook{id=11, code=628806280}, person=Person{id=1, passportSeria=-1602653395, lastName='ЗЭфъЦМчфьыдМымР', firstName='чсРзъпЛЕаБЛЕЫДк', middleName='мНйЛИсЖцЗъччдЙН'}, group='296eb630-26ba-47df-8bd3-e74a9899df72'}
Student{id=13, recordBook=RecordBook{id=14, code=-1544825161}, person=Person{id=2, passportSeria=1222970630, lastName='НкЗЖЮпеУоддщъФЬ', firstName='тъАСЯЯЖэгщГАЭсМ', middleName='щчлВлЖНоТтЩчхЛэ'}, group='b3e5ea96-9417-4c48-b368-eb89d79bfccd'}
Student{id=15, recordBook=RecordBook{id=16, code=1701013525}, person=Person{id=3, passportSeria=-1503691252, lastName='ЕЛсшнГХзувгЗзФЖ', firstName='ыоЯЗянЩмшЙРбФес', middleName='ЬфсенМшбюРШУХьУ'}, group='519656ca-bd32-45cc-b567-c33e2d1c1446'}
Student{id=17, recordBook=null, person=Person{id=4, passportSeria=2050129383, lastName='ИжзтЦЩъБбьЯПНФЕ', firstName='гКПнфкДЩжюЛАШгъ', middleName='ЧдаРВрщрЗЩФВБКО'}, group='f9372c5f-96c8-451f-94da-60a4ec009929'}
Student{id=18, recordBook=null, person=Person{id=5, passportSeria=1542521030, lastName='ЖжвюыШПчРъВпЮчК', firstName='ЪуЩюГЬпЮхЮЪБоКЕ', middleName='ПМЗпвеСфАЯуДъБз'}, group='3620b971-b5f5-4a80-8c76-1dd2db426f99'}
Student{id=19, recordBook=null, person=Person{id=6, passportSeria=-500610791, lastName='ФЫНЙГлюлптСцагз', firstName='ЙВЬНюцБжнцАллЖП', middleName='ИУШЧтЪПРЧЖЕВоЙМ'}, group='f3841e9f-4ef3-42a1-a702-3df12816849c'}
Student{id=20, recordBook=null, person=Person{id=7, passportSeria=-80005288, lastName='ВщЦяЯзгхУОуЗгрм', firstName='шЫЯФкнПЕяяФДллы', middleName='СкУяЦЖЮЛЙзНвъОд'}, group='9c0c93e0-2f94-431f-8559-4f8afffe6172'}
Student{id=21, recordBook=null, person=Person{id=8, passportSeria=1486557275, lastName='БщдТокъБЙхъЗЫчн', firstName='ЩБоЧЩЖцЫяэбмАИш', middleName='зцжФмЯцЦеРАбоПщ'}, group='883935d6-f3e6-4694-8d38-827b4a09a4fb'}
Student{id=22, recordBook=null, person=Person{id=9, passportSeria=629899594, lastName='ПСмВЩОусалИгЫКа', firstName='КбЭрЦмпхЛфЦЭвбн', middleName='ИоткбЦЮОТБЬЫэСт'}, group='cbeaaeb6-8346-43cb-b107-dbcf1721fbe0'}
Student{id=23, recordBook=null, person=Person{id=10, passportSeria=-145375119, lastName='пйЭыЪыАДПРТкЮср', firstName='РщХреВжйФюЙчсРЮ', middleName='ьаЖЛбзмЖгаТЭЭЛЧ'}, group='d6635c09-2488-4c79-8ede-cdbebfa0a4a2'}

All persons:
Person{id=1, passportSeria=-1602653395, lastName='ЗЭфъЦМчфьыдМымР', firstName='чсРзъпЛЕаБЛЕЫДк', middleName='мНйЛИсЖцЗъччдЙН'}
Person{id=2, passportSeria=1222970630, lastName='НкЗЖЮпеУоддщъФЬ', firstName='тъАСЯЯЖэгщГАЭсМ', middleName='щчлВлЖНоТтЩчхЛэ'}
Person{id=3, passportSeria=-1503691252, lastName='ЕЛсшнГХзувгЗзФЖ', firstName='ыоЯЗянЩмшЙРбФес', middleName='ЬфсенМшбюРШУХьУ'}
Person{id=4, passportSeria=2050129383, lastName='ИжзтЦЩъБбьЯПНФЕ', firstName='гКПнфкДЩжюЛАШгъ', middleName='ЧдаРВрщрЗЩФВБКО'}
Person{id=5, passportSeria=1542521030, lastName='ЖжвюыШПчРъВпЮчК', firstName='ЪуЩюГЬпЮхЮЪБоКЕ', middleName='ПМЗпвеСфАЯуДъБз'}
Person{id=6, passportSeria=-500610791, lastName='ФЫНЙГлюлптСцагз', firstName='ЙВЬНюцБжнцАллЖП', middleName='ИУШЧтЪПРЧЖЕВоЙМ'}
Person{id=7, passportSeria=-80005288, lastName='ВщЦяЯзгхУОуЗгрм', firstName='шЫЯФкнПЕяяФДллы', middleName='СкУяЦЖЮЛЙзНвъОд'}
Person{id=8, passportSeria=1486557275, lastName='БщдТокъБЙхъЗЫчн', firstName='ЩБоЧЩЖцЫяэбмАИш', middleName='зцжФмЯцЦеРАбоПщ'}
Person{id=9, passportSeria=629899594, lastName='ПСмВЩОусалИгЫКа', firstName='КбЭрЦмпхЛфЦЭвбн', middleName='ИоткбЦЮОТБЬЫэСт'}
Person{id=10, passportSeria=-145375119, lastName='пйЭыЪыАДПРТкЮср', firstName='РщХреВжйФюЙчсРЮ', middleName='ьаЖЛбзмЖгаТЭЭЛЧ'}

All record books:
RecordBook{id=11, code=628806280}
RecordBook{id=14, code=-1544825161}
RecordBook{id=16, code=1701013525}

Students with 'a' letter via HQL
Student{id=12, recordBook=RecordBook{id=11, code=628806280}, person=Person{id=1, passportSeria=-1602653395, lastName='ЗЭфъЦМчфьыдМымР', firstName='чсРзъпЛЕаБЛЕЫДк', middleName='мНйЛИсЖцЗъччдЙН'}, group='296eb630-26ba-47df-8bd3-e74a9899df72'}
Student{id=17, recordBook=null, person=Person{id=4, passportSeria=2050129383, lastName='ИжзтЦЩъБбьЯПНФЕ', firstName='гКПнфкДЩжюЛАШгъ', middleName='ЧдаРВрщрЗЩФВБКО'}, group='f9372c5f-96c8-451f-94da-60a4ec009929'}
Student{id=19, recordBook=null, person=Person{id=6, passportSeria=-500610791, lastName='ФЫНЙГлюлптСцагз', firstName='ЙВЬНюцБжнцАллЖП', middleName='ИУШЧтЪПРЧЖЕВоЙМ'}, group='f3841e9f-4ef3-42a1-a702-3df12816849c'}
Student{id=22, recordBook=null, person=Person{id=9, passportSeria=629899594, lastName='ПСмВЩОусалИгЫКа', firstName='КбЭрЦмпхЛфЦЭвбн', middleName='ИоткбЦЮОТБЬЫэСт'}, group='cbeaaeb6-8346-43cb-b107-dbcf1721fbe0'}
Student{id=23, recordBook=null, person=Person{id=10, passportSeria=-145375119, lastName='пйЭыЪыАДПРТкЮср', firstName='РщХреВжйФюЙчсРЮ', middleName='ьаЖЛбзмЖгаТЭЭЛЧ'}, group='d6635c09-2488-4c79-8ede-cdbebfa0a4a2'}

Students with 'a' letter via Criteria
Student{id=12, recordBook=RecordBook{id=11, code=628806280}, person=Person{id=1, passportSeria=-1602653395, lastName='ЗЭфъЦМчфьыдМымР', firstName='чсРзъпЛЕаБЛЕЫДк', middleName='мНйЛИсЖцЗъччдЙН'}, group='296eb630-26ba-47df-8bd3-e74a9899df72'}
Student{id=17, recordBook=null, person=Person{id=4, passportSeria=2050129383, lastName='ИжзтЦЩъБбьЯПНФЕ', firstName='гКПнфкДЩжюЛАШгъ', middleName='ЧдаРВрщрЗЩФВБКО'}, group='f9372c5f-96c8-451f-94da-60a4ec009929'}
Student{id=19, recordBook=null, person=Person{id=6, passportSeria=-500610791, lastName='ФЫНЙГлюлптСцагз', firstName='ЙВЬНюцБжнцАллЖП', middleName='ИУШЧтЪПРЧЖЕВоЙМ'}, group='f3841e9f-4ef3-42a1-a702-3df12816849c'}
Student{id=22, recordBook=null, person=Person{id=9, passportSeria=629899594, lastName='ПСмВЩОусалИгЫКа', firstName='КбЭрЦмпхЛфЦЭвбн', middleName='ИоткбЦЮОТБЬЫэСт'}, group='cbeaaeb6-8346-43cb-b107-dbcf1721fbe0'}
Student{id=23, recordBook=null, person=Person{id=10, passportSeria=-145375119, lastName='пйЭыЪыАДПРТкЮср', firstName='РщХреВжйФюЙчсРЮ', middleName='ьаЖЛбзмЖгаТЭЭЛЧ'}, group='d6635c09-2488-4c79-8ede-cdbebfa0a4a2'}

Students with record book via HQL
Student{id=12, recordBook=RecordBook{id=11, code=628806280}, person=Person{id=1, passportSeria=-1602653395, lastName='ЗЭфъЦМчфьыдМымР', firstName='чсРзъпЛЕаБЛЕЫДк', middleName='мНйЛИсЖцЗъччдЙН'}, group='296eb630-26ba-47df-8bd3-e74a9899df72'}
Student{id=13, recordBook=RecordBook{id=14, code=-1544825161}, person=Person{id=2, passportSeria=1222970630, lastName='НкЗЖЮпеУоддщъФЬ', firstName='тъАСЯЯЖэгщГАЭсМ', middleName='щчлВлЖНоТтЩчхЛэ'}, group='b3e5ea96-9417-4c48-b368-eb89d79bfccd'}
Student{id=15, recordBook=RecordBook{id=16, code=1701013525}, person=Person{id=3, passportSeria=-1503691252, lastName='ЕЛсшнГХзувгЗзФЖ', firstName='ыоЯЗянЩмшЙРбФес', middleName='ЬфсенМшбюРШУХьУ'}, group='519656ca-bd32-45cc-b567-c33e2d1c1446'}

Students with record book via Criteria
Student{id=12, recordBook=RecordBook{id=11, code=628806280}, person=Person{id=1, passportSeria=-1602653395, lastName='ЗЭфъЦМчфьыдМымР', firstName='чсРзъпЛЕаБЛЕЫДк', middleName='мНйЛИсЖцЗъччдЙН'}, group='296eb630-26ba-47df-8bd3-e74a9899df72'}
Student{id=13, recordBook=RecordBook{id=14, code=-1544825161}, person=Person{id=2, passportSeria=1222970630, lastName='НкЗЖЮпеУоддщъФЬ', firstName='тъАСЯЯЖэгщГАЭсМ', middleName='щчлВлЖНоТтЩчхЛэ'}, group='b3e5ea96-9417-4c48-b368-eb89d79bfccd'}
Student{id=15, recordBook=RecordBook{id=16, code=1701013525}, person=Person{id=3, passportSeria=-1503691252, lastName='ЕЛсшнГХзувгЗзФЖ', firstName='ыоЯЗянЩмшЙРбФес', middleName='ЬфсенМшбюРШУХьУ'}, group='519656ca-bd32-45cc-b567-c33e2d1c1446'}

Delete all
Deleting Student{id=12, recordBook=RecordBook{id=11, code=628806280}, person=Person{id=1, passportSeria=-1602653395, lastName='ЗЭфъЦМчфьыдМымР', firstName='чсРзъпЛЕаБЛЕЫДк', middleName='мНйЛИсЖцЗъччдЙН'}, group='296eb630-26ba-47df-8bd3-e74a9899df72'}
Deleting Student{id=13, recordBook=RecordBook{id=14, code=-1544825161}, person=Person{id=2, passportSeria=1222970630, lastName='НкЗЖЮпеУоддщъФЬ', firstName='тъАСЯЯЖэгщГАЭсМ', middleName='щчлВлЖНоТтЩчхЛэ'}, group='b3e5ea96-9417-4c48-b368-eb89d79bfccd'}
Deleting Student{id=15, recordBook=RecordBook{id=16, code=1701013525}, person=Person{id=3, passportSeria=-1503691252, lastName='ЕЛсшнГХзувгЗзФЖ', firstName='ыоЯЗянЩмшЙРбФес', middleName='ЬфсенМшбюРШУХьУ'}, group='519656ca-bd32-45cc-b567-c33e2d1c1446'}
Deleting Student{id=17, recordBook=null, person=Person{id=4, passportSeria=2050129383, lastName='ИжзтЦЩъБбьЯПНФЕ', firstName='гКПнфкДЩжюЛАШгъ', middleName='ЧдаРВрщрЗЩФВБКО'}, group='f9372c5f-96c8-451f-94da-60a4ec009929'}
Deleting Student{id=18, recordBook=null, person=Person{id=5, passportSeria=1542521030, lastName='ЖжвюыШПчРъВпЮчК', firstName='ЪуЩюГЬпЮхЮЪБоКЕ', middleName='ПМЗпвеСфАЯуДъБз'}, group='3620b971-b5f5-4a80-8c76-1dd2db426f99'}
Deleting Student{id=19, recordBook=null, person=Person{id=6, passportSeria=-500610791, lastName='ФЫНЙГлюлптСцагз', firstName='ЙВЬНюцБжнцАллЖП', middleName='ИУШЧтЪПРЧЖЕВоЙМ'}, group='f3841e9f-4ef3-42a1-a702-3df12816849c'}
Deleting Student{id=20, recordBook=null, person=Person{id=7, passportSeria=-80005288, lastName='ВщЦяЯзгхУОуЗгрм', firstName='шЫЯФкнПЕяяФДллы', middleName='СкУяЦЖЮЛЙзНвъОд'}, group='9c0c93e0-2f94-431f-8559-4f8afffe6172'}
Deleting Student{id=21, recordBook=null, person=Person{id=8, passportSeria=1486557275, lastName='БщдТокъБЙхъЗЫчн', firstName='ЩБоЧЩЖцЫяэбмАИш', middleName='зцжФмЯцЦеРАбоПщ'}, group='883935d6-f3e6-4694-8d38-827b4a09a4fb'}
Deleting Student{id=22, recordBook=null, person=Person{id=9, passportSeria=629899594, lastName='ПСмВЩОусалИгЫКа', firstName='КбЭрЦмпхЛфЦЭвбн', middleName='ИоткбЦЮОТБЬЫэСт'}, group='cbeaaeb6-8346-43cb-b107-dbcf1721fbe0'}
Deleting Student{id=23, recordBook=null, person=Person{id=10, passportSeria=-145375119, lastName='пйЭыЪыАДПРТкЮср', firstName='РщХреВжйФюЙчсРЮ', middleName='ьаЖЛбзмЖгаТЭЭЛЧ'}, group='d6635c09-2488-4c79-8ede-cdbebfa0a4a2'}
мая 29, 2022 11:06:33 AM org.hibernate.tool.schema.internal.SchemaDropperImpl$DelayedDropActionImpl perform
INFO: HHH000477: Starting delayed evictData of schema as part of SessionFactory shut-down'
мая 29, 2022 11:06:33 AM org.hibernate.resource.transaction.backend.jdbc.internal.DdlTransactionIsolatorNonJtaImpl getIsolatedConnection
INFO: HHH10001501: Connection obtained from JdbcConnectionAccess [org.hibernate.engine.jdbc.env.internal.JdbcEnvironmentInitiator$ConnectionProviderJdbcConnectionAccess@5f80fa43] for (non-JTA) DDL execution was not in auto-commit mode; the Connection 'local transaction' will be committed and the Connection will be set into auto-commit mode.
мая 29, 2022 11:06:33 AM org.hibernate.engine.jdbc.connections.internal.DriverManagerConnectionProviderImpl stop
INFO: HHH10001008: Cleaning up connection pool [jdbc:postgresql://localhost:5432/lessonhiber]

Process finished with exit code 0
